Using pre-set license
Built from '2020.2/staging' branch; Version is '2020.2.3f1 (8ff31bc5bf5b) revision 9433883'; Using compiler version '192528614'; Build Type 'Release'
OS: 'Windows 10 Home; OS build 18363.1379; Version 1909; 64bit' Language: 'ja' Physical Memory: 16203 MB
BatchMode: 1, IsHumanControllingUs: 0, StartBugReporterOnCrash: 0, Is64bit: 1, IsPro: 0

 COMMAND LINE ARGUMENTS:
C:\Program Files\Unity\Hub\Editor\2020.2.3f1\Editor\Unity.exe
-adb2
-batchMode
-noUpm
-name
AssetImportWorker0
-projectPath
C:/UnityProject/GeisterAIProject
-logFile
Logs/AssetImportWorker0.log
-srvPort
49927
Successfully changed project path to: C:/UnityProject/GeisterAIProject
C:/UnityProject/GeisterAIProject
Using Asset Import Pipeline V2.
Refreshing native plugins compatible for Editor in 26.43 ms, found 0 plugins.
Preloading 0 native plugins for Editor in 0.00 ms.
Initialize engine version: 2020.2.3f1 (8ff31bc5bf5b)
[Subsystems] Discovering subsystems at path C:/Program Files/Unity/Hub/Editor/2020.2.3f1/Editor/Data/Resources/UnitySubsystems
[Subsystems] Discovering subsystems at path C:/UnityProject/GeisterAIProject/Assets
GfxDevice: creating device client; threaded=0
Direct3D:
    Version:  Direct3D 11.0 [level 11.1]
    Renderer: NVIDIA GeForce RTX 2070 (ID=0x1f14)
    Vendor:   
    VRAM:     8031 MB
    Driver:   27.21.14.5774
Initialize mono
Mono path[0] = 'C:/Program Files/Unity/Hub/Editor/2020.2.3f1/Editor/Data/Managed'
Mono path[1] = 'C:/Program Files/Unity/Hub/Editor/2020.2.3f1/Editor/Data/MonoBleedingEdge/lib/mono/unityjit'
Mono config path = 'C:/Program Files/Unity/Hub/Editor/2020.2.3f1/Editor/Data/MonoBleedingEdge/etc'
Using monoOptions --debugger-agent=transport=dt_socket,embedding=1,server=y,suspend=n,address=127.0.0.1:56536
Begin MonoManager ReloadAssembly
Registering precompiled unity dll's ...
Register platform support module: C:/Program Files/Unity/Hub/Editor/2020.2.3f1/Editor/Data/PlaybackEngines/WindowsStandaloneSupport/UnityEditor.WindowsStandalone.Extensions.dll
Registered in 0.069508 seconds.
Native extension for WindowsStandalone target not found
Refreshing native plugins compatible for Editor in 19.63 ms, found 0 plugins.
Preloading 0 native plugins for Editor in 0.00 ms.
Invoked RoslynAnalysisRunner static constructor.
RoslynAnalysisRunner will not be running.
RoslynAnalysisRunner has terminated.
Mono: successfully reloaded assembly
- Completed reload, in  3.527 seconds
Platform modules already initialized, skipping
Registering precompiled user dll's ...
Registered in 0.000586 seconds.
Begin MonoManager ReloadAssembly
Native extension for WindowsStandalone target not found
Refreshing native plugins compatible for Editor in 0.18 ms, found 0 plugins.
Preloading 0 native plugins for Editor in 0.00 ms.
Invoked RoslynAnalysisRunner static constructor.
RoslynAnalysisRunner will not be running.
RoslynAnalysisRunner has terminated.
Mono: successfully reloaded assembly
- Completed reload, in  0.680 seconds
Platform modules already initialized, skipping
========================================================================
Worker process is ready to serve import requests
Launched and connected shader compiler UnityShaderCompiler.exe after 0.05 seconds
Refreshing native plugins compatible for Editor in 0.18 ms, found 0 plugins.
Preloading 0 native plugins for Editor in 0.00 ms.
Unloading 1113 Unused Serialized files (Serialized files now loaded: 0)
System memory in use before: 57.3 MB.
System memory in use after: 57.4 MB.

Unloading 10 unused Assets to reduce memory usage. Loaded Objects now: 1555.
Total: 1.572400 ms (FindLiveObjects: 0.124300 ms CreateObjectMapping: 0.058000 ms MarkObjects: 1.296100 ms  DeleteObjects: 0.093500 ms)

========================================================================
Received Import Request.
  path: Assets/Scripts/AIGeisterMove.cs
  artifactKey: Guid(c57152132d5181d48ba563f43db8bd2e) Importer(815301076,1909f56bfc062723c751e8b465ee728b)
Start importing Assets/Scripts/AIGeisterMove.cs using Guid(c57152132d5181d48ba563f43db8bd2e) Importer(815301076,1909f56bfc062723c751e8b465ee728b)  -> (artifact id: 'a81ae3bde673d95a3e950ff96da5211a') in 0.069040 seconds
  Import took 0.070544 seconds .

========================================================================
Received Import Request.
  Time since last request: 539.433684 seconds.
  path: Assets/Scripts/AIGeisterMove.cs
  artifactKey: Guid(c57152132d5181d48ba563f43db8bd2e) Importer(815301076,1909f56bfc062723c751e8b465ee728b)
Start importing Assets/Scripts/AIGeisterMove.cs using Guid(c57152132d5181d48ba563f43db8bd2e) Importer(815301076,1909f56bfc062723c751e8b465ee728b)  -> (artifact id: '107a6f2661bd9151dec5112a5fa8c141') in 0.002534 seconds
  Import took 0.004475 seconds .

========================================================================
Received Prepare
Registering precompiled user dll's ...
Registered in 0.000505 seconds.
Begin MonoManager ReloadAssembly
Native extension for WindowsStandalone target not found
Refreshing native plugins compatible for Editor in 0.18 ms, found 0 plugins.
Preloading 0 native plugins for Editor in 0.00 ms.
Invoked RoslynAnalysisRunner static constructor.
RoslynAnalysisRunner will not be running.
RoslynAnalysisRunner has terminated.
Mono: successfully reloaded assembly
- Completed reload, in  0.634 seconds
Platform modules already initialized, skipping
Refreshing native plugins compatible for Editor in 0.17 ms, found 0 plugins.
Preloading 0 native plugins for Editor in 0.00 ms.
Unloading 1106 Unused Serialized files (Serialized files now loaded: 0)
System memory in use before: 57.1 MB.
System memory in use after: 57.2 MB.

Unloading 5 unused Assets to reduce memory usage. Loaded Objects now: 1557.
Total: 1.236300 ms (FindLiveObjects: 0.132800 ms CreateObjectMapping: 0.031200 ms MarkObjects: 1.030800 ms  DeleteObjects: 0.040600 ms)

========================================================================
Received Import Request.
  Time since last request: 358.020595 seconds.
  path: Assets/Scripts/AIGeisterMove.cs
  artifactKey: Guid(c57152132d5181d48ba563f43db8bd2e) Importer(815301076,1909f56bfc062723c751e8b465ee728b)
Start importing Assets/Scripts/AIGeisterMove.cs using Guid(c57152132d5181d48ba563f43db8bd2e) Importer(815301076,1909f56bfc062723c751e8b465ee728b)  -> (artifact id: '2e7342477c6adb12a96f7039aafae415') in 0.004642 seconds
  Import took 0.006093 seconds .

========================================================================
Received Prepare
Registering precompiled user dll's ...
Registered in 0.000554 seconds.
Begin MonoManager ReloadAssembly
Native extension for WindowsStandalone target not found
Refreshing native plugins compatible for Editor in 0.17 ms, found 0 plugins.
Preloading 0 native plugins for Editor in 0.00 ms.
Invoked RoslynAnalysisRunner static constructor.
RoslynAnalysisRunner will not be running.
RoslynAnalysisRunner has terminated.
Mono: successfully reloaded assembly
- Completed reload, in  0.622 seconds
Platform modules already initialized, skipping
Refreshing native plugins compatible for Editor in 0.18 ms, found 0 plugins.
Preloading 0 native plugins for Editor in 0.00 ms.
Unloading 1106 Unused Serialized files (Serialized files now loaded: 0)
System memory in use before: 57.1 MB.
System memory in use after: 57.2 MB.

Unloading 5 unused Assets to reduce memory usage. Loaded Objects now: 1559.
Total: 1.380500 ms (FindLiveObjects: 0.162400 ms CreateObjectMapping: 0.033600 ms MarkObjects: 1.110400 ms  DeleteObjects: 0.073600 ms)

========================================================================
Received Import Request.
  Time since last request: 542.085569 seconds.
  path: Assets/Scripts/AIGeisterMove.cs
  artifactKey: Guid(c57152132d5181d48ba563f43db8bd2e) Importer(815301076,1909f56bfc062723c751e8b465ee728b)
Start importing Assets/Scripts/AIGeisterMove.cs using Guid(c57152132d5181d48ba563f43db8bd2e) Importer(815301076,1909f56bfc062723c751e8b465ee728b)  -> (artifact id: 'aab4b0c3e1fcf14f117c302c2e315a7d') in 0.004526 seconds
  Import took 0.006069 seconds .

========================================================================
Received Import Request.
  Time since last request: 784.530375 seconds.
  path: Assets/Scripts/AIGeisterMove.cs
  artifactKey: Guid(c57152132d5181d48ba563f43db8bd2e) Importer(815301076,1909f56bfc062723c751e8b465ee728b)
Start importing Assets/Scripts/AIGeisterMove.cs using Guid(c57152132d5181d48ba563f43db8bd2e) Importer(815301076,1909f56bfc062723c751e8b465ee728b)  -> (artifact id: 'bb7f5b6b3c91520c3967f636b12ed907') in 0.002547 seconds
  Import took 0.004476 seconds .

========================================================================
Received Prepare
Registering precompiled user dll's ...
Registered in 0.000550 seconds.
Begin MonoManager ReloadAssembly
Native extension for WindowsStandalone target not found
Refreshing native plugins compatible for Editor in 0.17 ms, found 0 plugins.
Preloading 0 native plugins for Editor in 0.00 ms.
Invoked RoslynAnalysisRunner static constructor.
RoslynAnalysisRunner will not be running.
RoslynAnalysisRunner has terminated.
Mono: successfully reloaded assembly
- Completed reload, in  0.616 seconds
Platform modules already initialized, skipping
Refreshing native plugins compatible for Editor in 0.18 ms, found 0 plugins.
Preloading 0 native plugins for Editor in 0.00 ms.
Unloading 1106 Unused Serialized files (Serialized files now loaded: 0)
System memory in use before: 57.1 MB.
System memory in use after: 57.2 MB.

Unloading 5 unused Assets to reduce memory usage. Loaded Objects now: 1561.
Total: 1.395000 ms (FindLiveObjects: 0.171700 ms CreateObjectMapping: 0.030400 ms MarkObjects: 1.080300 ms  DeleteObjects: 0.112000 ms)

========================================================================
Received Import Request.
  Time since last request: 155.467680 seconds.
  path: Assets/Scripts/AIGeisterMove.cs
  artifactKey: Guid(c57152132d5181d48ba563f43db8bd2e) Importer(815301076,1909f56bfc062723c751e8b465ee728b)
Start importing Assets/Scripts/AIGeisterMove.cs using Guid(c57152132d5181d48ba563f43db8bd2e) Importer(815301076,1909f56bfc062723c751e8b465ee728b)  -> (artifact id: 'eb857aa3c34c38018c19b71d0b743394') in 0.004685 seconds
  Import took 0.007963 seconds .

========================================================================
Received Prepare
Registering precompiled user dll's ...
Registered in 0.000615 seconds.
Begin MonoManager ReloadAssembly
Native extension for WindowsStandalone target not found
Refreshing native plugins compatible for Editor in 0.17 ms, found 0 plugins.
Preloading 0 native plugins for Editor in 0.00 ms.
Invoked RoslynAnalysisRunner static constructor.
RoslynAnalysisRunner will not be running.
RoslynAnalysisRunner has terminated.
Mono: successfully reloaded assembly
- Completed reload, in  0.622 seconds
Platform modules already initialized, skipping
Refreshing native plugins compatible for Editor in 0.19 ms, found 0 plugins.
Preloading 0 native plugins for Editor in 0.00 ms.
Unloading 1106 Unused Serialized files (Serialized files now loaded: 0)
System memory in use before: 57.2 MB.
System memory in use after: 57.2 MB.

Unloading 5 unused Assets to reduce memory usage. Loaded Objects now: 1563.
Total: 1.472200 ms (FindLiveObjects: 0.197000 ms CreateObjectMapping: 0.051100 ms MarkObjects: 1.183600 ms  DeleteObjects: 0.039900 ms)

========================================================================
Received Import Request.
  Time since last request: 1398.507756 seconds.
  path: Assets/Scripts/AIGeisterMove.cs
  artifactKey: Guid(c57152132d5181d48ba563f43db8bd2e) Importer(815301076,1909f56bfc062723c751e8b465ee728b)
Start importing Assets/Scripts/AIGeisterMove.cs using Guid(c57152132d5181d48ba563f43db8bd2e) Importer(815301076,1909f56bfc062723c751e8b465ee728b)  -> (artifact id: 'c1bb8e23d17c042264580736c9ed7dfd') in 0.006544 seconds
  Import took 0.008162 seconds .

========================================================================
Received Prepare
Registering precompiled user dll's ...
Registered in 0.000591 seconds.
Begin MonoManager ReloadAssembly
Native extension for WindowsStandalone target not found
Refreshing native plugins compatible for Editor in 0.17 ms, found 0 plugins.
Preloading 0 native plugins for Editor in 0.00 ms.
Invoked RoslynAnalysisRunner static constructor.
RoslynAnalysisRunner will not be running.
RoslynAnalysisRunner has terminated.
Mono: successfully reloaded assembly
- Completed reload, in  0.621 seconds
Platform modules already initialized, skipping
Refreshing native plugins compatible for Editor in 0.18 ms, found 0 plugins.
Preloading 0 native plugins for Editor in 0.00 ms.
Unloading 1106 Unused Serialized files (Serialized files now loaded: 0)
System memory in use before: 57.2 MB.
System memory in use after: 57.2 MB.

Unloading 5 unused Assets to reduce memory usage. Loaded Objects now: 1565.
Total: 1.482900 ms (FindLiveObjects: 0.124600 ms CreateObjectMapping: 0.029500 ms MarkObjects: 1.252500 ms  DeleteObjects: 0.075700 ms)

========================================================================
Received Import Request.
  Time since last request: 1921.424114 seconds.
  path: Assets/Scripts/AIGeisterMove.cs
  artifactKey: Guid(c57152132d5181d48ba563f43db8bd2e) Importer(815301076,1909f56bfc062723c751e8b465ee728b)
Start importing Assets/Scripts/AIGeisterMove.cs using Guid(c57152132d5181d48ba563f43db8bd2e) Importer(815301076,1909f56bfc062723c751e8b465ee728b)  -> (artifact id: '8741f3d49f9b3f20d7f14e8d070587f0') in 0.006996 seconds
  Import took 0.008613 seconds .

========================================================================
Received Prepare
Registering precompiled user dll's ...
Registered in 0.000549 seconds.
Begin MonoManager ReloadAssembly
Native extension for WindowsStandalone target not found
Refreshing native plugins compatible for Editor in 0.17 ms, found 0 plugins.
Preloading 0 native plugins for Editor in 0.00 ms.
Invoked RoslynAnalysisRunner static constructor.
RoslynAnalysisRunner will not be running.
RoslynAnalysisRunner has terminated.
Mono: successfully reloaded assembly
- Completed reload, in  0.613 seconds
Platform modules already initialized, skipping
Refreshing native plugins compatible for Editor in 0.18 ms, found 0 plugins.
Preloading 0 native plugins for Editor in 0.00 ms.
Unloading 1106 Unused Serialized files (Serialized files now loaded: 0)
System memory in use before: 57.2 MB.
System memory in use after: 57.2 MB.

Unloading 5 unused Assets to reduce memory usage. Loaded Objects now: 1567.
Total: 1.420900 ms (FindLiveObjects: 0.119300 ms CreateObjectMapping: 0.029100 ms MarkObjects: 1.187100 ms  DeleteObjects: 0.084700 ms)

========================================================================
Received Import Request.
  Time since last request: 2935.827508 seconds.
  path: Assets/Scripts/AIGeisterMove.cs
  artifactKey: Guid(c57152132d5181d48ba563f43db8bd2e) Importer(815301076,1909f56bfc062723c751e8b465ee728b)
Start importing Assets/Scripts/AIGeisterMove.cs using Guid(c57152132d5181d48ba563f43db8bd2e) Importer(815301076,1909f56bfc062723c751e8b465ee728b)  -> (artifact id: '81810568d234d5d975eacee94fb5be01') in 0.004273 seconds
  Import took 0.005724 seconds .

========================================================================
Received Prepare
Registering precompiled user dll's ...
Registered in 0.000844 seconds.
Begin MonoManager ReloadAssembly
Native extension for WindowsStandalone target not found
Refreshing native plugins compatible for Editor in 0.17 ms, found 0 plugins.
Preloading 0 native plugins for Editor in 0.00 ms.
Invoked RoslynAnalysisRunner static constructor.
RoslynAnalysisRunner will not be running.
RoslynAnalysisRunner has terminated.
Mono: successfully reloaded assembly
- Completed reload, in  0.638 seconds
Platform modules already initialized, skipping
Refreshing native plugins compatible for Editor in 0.18 ms, found 0 plugins.
Preloading 0 native plugins for Editor in 0.00 ms.
Unloading 1106 Unused Serialized files (Serialized files now loaded: 0)
System memory in use before: 57.2 MB.
System memory in use after: 57.2 MB.

Unloading 5 unused Assets to reduce memory usage. Loaded Objects now: 1569.
Total: 1.561200 ms (FindLiveObjects: 0.106000 ms CreateObjectMapping: 0.058500 ms MarkObjects: 1.351300 ms  DeleteObjects: 0.044500 ms)

========================================================================
Received Import Request.
  Time since last request: 2793.439160 seconds.
  path: Assets/Scripts/AIGeisterMove.cs
  artifactKey: Guid(c57152132d5181d48ba563f43db8bd2e) Importer(815301076,1909f56bfc062723c751e8b465ee728b)
Start importing Assets/Scripts/AIGeisterMove.cs using Guid(c57152132d5181d48ba563f43db8bd2e) Importer(815301076,1909f56bfc062723c751e8b465ee728b)  -> (artifact id: '4acc95d105677a5173ee9abdef8d050a') in 0.004610 seconds
  Import took 0.008002 seconds .

========================================================================
Received Prepare
Registering precompiled user dll's ...
Registered in 0.000603 seconds.
Begin MonoManager ReloadAssembly
Native extension for WindowsStandalone target not found
Refreshing native plugins compatible for Editor in 0.18 ms, found 0 plugins.
Preloading 0 native plugins for Editor in 0.00 ms.
Invoked RoslynAnalysisRunner static constructor.
RoslynAnalysisRunner will not be running.
RoslynAnalysisRunner has terminated.
Mono: successfully reloaded assembly
- Completed reload, in  0.618 seconds
Platform modules already initialized, skipping
Refreshing native plugins compatible for Editor in 0.18 ms, found 0 plugins.
Preloading 0 native plugins for Editor in 0.00 ms.
Unloading 1106 Unused Serialized files (Serialized files now loaded: 0)
System memory in use before: 57.2 MB.
System memory in use after: 57.2 MB.

Unloading 5 unused Assets to reduce memory usage. Loaded Objects now: 1571.
Total: 1.337600 ms (FindLiveObjects: 0.180500 ms CreateObjectMapping: 0.031100 ms MarkObjects: 1.070900 ms  DeleteObjects: 0.054300 ms)

========================================================================
Received Import Request.
  Time since last request: 59535.987806 seconds.
  path: Assets/Scripts/AIGeisterMove.cs
  artifactKey: Guid(c57152132d5181d48ba563f43db8bd2e) Importer(815301076,1909f56bfc062723c751e8b465ee728b)
Start importing Assets/Scripts/AIGeisterMove.cs using Guid(c57152132d5181d48ba563f43db8bd2e) Importer(815301076,1909f56bfc062723c751e8b465ee728b)  -> (artifact id: '04bfda417979792cd97716c4928f5860') in 0.007041 seconds
  Import took 0.009156 seconds .

========================================================================
Received Prepare
Registering precompiled user dll's ...
Registered in 0.000564 seconds.
Begin MonoManager ReloadAssembly
Native extension for WindowsStandalone target not found
Refreshing native plugins compatible for Editor in 0.18 ms, found 0 plugins.
Preloading 0 native plugins for Editor in 0.00 ms.
Invoked RoslynAnalysisRunner static constructor.
RoslynAnalysisRunner will not be running.
RoslynAnalysisRunner has terminated.
Mono: successfully reloaded assembly
- Completed reload, in  0.668 seconds
Platform modules already initialized, skipping
Refreshing native plugins compatible for Editor in 0.18 ms, found 0 plugins.
Preloading 0 native plugins for Editor in 0.00 ms.
Unloading 1106 Unused Serialized files (Serialized files now loaded: 0)
System memory in use before: 57.2 MB.
System memory in use after: 57.3 MB.

Unloading 5 unused Assets to reduce memory usage. Loaded Objects now: 1573.
Total: 1.569300 ms (FindLiveObjects: 0.123200 ms CreateObjectMapping: 0.053900 ms MarkObjects: 1.346300 ms  DeleteObjects: 0.045100 ms)

========================================================================
Received Import Request.
  Time since last request: 1650.396050 seconds.
  path: Assets/Scripts/AIGeisterMove.cs
  artifactKey: Guid(c57152132d5181d48ba563f43db8bd2e) Importer(815301076,1909f56bfc062723c751e8b465ee728b)
Start importing Assets/Scripts/AIGeisterMove.cs using Guid(c57152132d5181d48ba563f43db8bd2e) Importer(815301076,1909f56bfc062723c751e8b465ee728b)  -> (artifact id: 'f1a01cf75d201923a3dcd5612750fe1f') in 0.007835 seconds
  Import took 0.009795 seconds .

========================================================================
Received Prepare
Registering precompiled user dll's ...
Registered in 0.000665 seconds.
Begin MonoManager ReloadAssembly
Native extension for WindowsStandalone target not found
Refreshing native plugins compatible for Editor in 0.19 ms, found 0 plugins.
Preloading 0 native plugins for Editor in 0.00 ms.
Invoked RoslynAnalysisRunner static constructor.
RoslynAnalysisRunner will not be running.
RoslynAnalysisRunner has terminated.
Mono: successfully reloaded assembly
- Completed reload, in  0.673 seconds
Platform modules already initialized, skipping
Refreshing native plugins compatible for Editor in 0.18 ms, found 0 plugins.
Preloading 0 native plugins for Editor in 0.00 ms.
Unloading 1106 Unused Serialized files (Serialized files now loaded: 0)
System memory in use before: 57.2 MB.
System memory in use after: 57.3 MB.

Unloading 5 unused Assets to reduce memory usage. Loaded Objects now: 1575.
Total: 1.350200 ms (FindLiveObjects: 0.124100 ms CreateObjectMapping: 0.037500 ms MarkObjects: 1.120500 ms  DeleteObjects: 0.067300 ms)

========================================================================
Received Import Request.
  Time since last request: 15496.308522 seconds.
  path: Assets/Scripts/AIGeisterMove.cs
  artifactKey: Guid(c57152132d5181d48ba563f43db8bd2e) Importer(815301076,1909f56bfc062723c751e8b465ee728b)
Start importing Assets/Scripts/AIGeisterMove.cs using Guid(c57152132d5181d48ba563f43db8bd2e) Importer(815301076,1909f56bfc062723c751e8b465ee728b)  -> (artifact id: '58aec6699926e4f9338d5f2ecbaf1006') in 0.007641 seconds
  Import took 0.010156 seconds .

========================================================================
Received Import Request.
  Time since last request: 2033.248975 seconds.
  path: Assets/Model/ghost.fbx
  artifactKey: Guid(dc16c1c3781ac5342805add6dbb03119) Importer(815301076,1909f56bfc062723c751e8b465ee728b)
Start importing Assets/Model/ghost.fbx using Guid(dc16c1c3781ac5342805add6dbb03119) Importer(815301076,1909f56bfc062723c751e8b465ee728b)  -> (artifact id: 'ad791ce7428bb5e985cc28b1f310c9c9') in 0.156569 seconds
  Import took 0.159156 seconds .

========================================================================
Received Import Request.
  Time since last request: 50.986300 seconds.
  path: Assets/Model/ghost.fbx
  artifactKey: Guid(dc16c1c3781ac5342805add6dbb03119) Importer(815301076,1909f56bfc062723c751e8b465ee728b)
Start importing Assets/Model/ghost.fbx using Guid(dc16c1c3781ac5342805add6dbb03119) Importer(815301076,1909f56bfc062723c751e8b465ee728b)  -> (artifact id: 'b24fa60f792c20c2c8d69b3f165f29e2') in 0.024127 seconds
  Import took 0.026463 seconds .

========================================================================
Received Prepare
Registering precompiled user dll's ...
Registered in 0.000670 seconds.
Begin MonoManager ReloadAssembly
Native extension for WindowsStandalone target not found
Refreshing native plugins compatible for Editor in 0.17 ms, found 0 plugins.
Preloading 0 native plugins for Editor in 0.00 ms.
Invoked RoslynAnalysisRunner static constructor.
RoslynAnalysisRunner will not be running.
RoslynAnalysisRunner has terminated.
Mono: successfully reloaded assembly
- Completed reload, in  0.622 seconds
Platform modules already initialized, skipping
Refreshing native plugins compatible for Editor in 0.17 ms, found 0 plugins.
Preloading 0 native plugins for Editor in 0.00 ms.
Unloading 1106 Unused Serialized files (Serialized files now loaded: 0)
System memory in use before: 60.7 MB.
System memory in use after: 60.8 MB.

Unloading 5 unused Assets to reduce memory usage. Loaded Objects now: 1620.
Total: 1.340600 ms (FindLiveObjects: 0.103100 ms CreateObjectMapping: 0.026000 ms MarkObjects: 1.138200 ms  DeleteObjects: 0.072700 ms)

========================================================================
Received Import Request.
  Time since last request: 154.988268 seconds.
  path: Assets/Model/ghost.fbx
  artifactKey: Guid(dc16c1c3781ac5342805add6dbb03119) Importer(815301076,1909f56bfc062723c751e8b465ee728b)
Start importing Assets/Model/ghost.fbx using Guid(dc16c1c3781ac5342805add6dbb03119) Importer(815301076,1909f56bfc062723c751e8b465ee728b)  -> (artifact id: 'b89b15d91adc0dbb3ea474d7824c6b27') in 0.076913 seconds
  Import took 0.079199 seconds .

========================================================================
Received Import Request.
  Time since last request: 252.764096 seconds.
  path: Assets/Resources/Prefab/DefaultGeister.prefab
  artifactKey: Guid(65afbf21bb1c7d5419aa3f9d8719358c) Importer(815301076,1909f56bfc062723c751e8b465ee728b)
Start importing Assets/Resources/Prefab/DefaultGeister.prefab using Guid(65afbf21bb1c7d5419aa3f9d8719358c) Importer(815301076,1909f56bfc062723c751e8b465ee728b)  -> (artifact id: 'b38171d9800375f82381fdbc26a30693') in 0.022039 seconds
  Import took 0.024321 seconds .

========================================================================
Received Import Request.
  Time since last request: 0.000286 seconds.
  path: Assets/Resources/Prefab/GeisterRed.prefab
  artifactKey: Guid(5510d7e31fdbd444ead3b4486d3b02ae) Importer(815301076,1909f56bfc062723c751e8b465ee728b)
Start importing Assets/Resources/Prefab/GeisterRed.prefab using Guid(5510d7e31fdbd444ead3b4486d3b02ae) Importer(815301076,1909f56bfc062723c751e8b465ee728b)  -> (artifact id: 'f9aee05d33cc640276f7ffa3e8e97dc1') in 0.014407 seconds
  Import took 0.016357 seconds .

========================================================================
Received Import Request.
  Time since last request: 0.000220 seconds.
  path: Assets/Resources/Prefab/GeisterBlue.prefab
  artifactKey: Guid(c36153017fa6d9e45aafada34acfb71e) Importer(815301076,1909f56bfc062723c751e8b465ee728b)
Start importing Assets/Resources/Prefab/GeisterBlue.prefab using Guid(c36153017fa6d9e45aafada34acfb71e) Importer(815301076,1909f56bfc062723c751e8b465ee728b)  -> (artifact id: '568e7a0f0e5de8ae3af15f442ae120a2') in 0.014996 seconds
  Import took 0.016923 seconds .

========================================================================
Received Import Request.
  Time since last request: 0.000215 seconds.
  path: Assets/Resources/Prefab/DefaultPixel.prefab
  artifactKey: Guid(d89f251d5d9664740b4f5e83a0921f3f) Importer(815301076,1909f56bfc062723c751e8b465ee728b)
Start importing Assets/Resources/Prefab/DefaultPixel.prefab using Guid(d89f251d5d9664740b4f5e83a0921f3f) Importer(815301076,1909f56bfc062723c751e8b465ee728b)  -> (artifact id: '693b2433d0d414d283b45c12cd70ff27') in 0.015875 seconds
  Import took 0.018003 seconds .

========================================================================
Received Import Request.
  Time since last request: 21.841785 seconds.
  path: Assets/Resources/Prefab/DefaultGeister.prefab
  artifactKey: Guid(65afbf21bb1c7d5419aa3f9d8719358c) Importer(815301076,1909f56bfc062723c751e8b465ee728b)
Start importing Assets/Resources/Prefab/DefaultGeister.prefab using Guid(65afbf21bb1c7d5419aa3f9d8719358c) Importer(815301076,1909f56bfc062723c751e8b465ee728b)  -> (artifact id: '1a6407142736de5e57aed7fdaab1b43f') in 0.007546 seconds
  Import took 0.010201 seconds .

========================================================================
Received Import Request.
  Time since last request: 0.980632 seconds.
  path: Assets/Resources/Prefab/DefaultGeister.prefab
  artifactKey: Guid(65afbf21bb1c7d5419aa3f9d8719358c) Importer(815301076,1909f56bfc062723c751e8b465ee728b)
Start importing Assets/Resources/Prefab/DefaultGeister.prefab using Guid(65afbf21bb1c7d5419aa3f9d8719358c) Importer(815301076,1909f56bfc062723c751e8b465ee728b)  -> (artifact id: '24eca05b1152ad4bc226bffedcc983ef') in 0.007179 seconds
  Import took 0.009293 seconds .

========================================================================
Received Import Request.
  Time since last request: 39.456374 seconds.
  path: Assets/Resources/Prefab/ghost (1).prefab
  artifactKey: Guid(b5322482ed4ad354f80389c9ef5483e4) Importer(815301076,1909f56bfc062723c751e8b465ee728b)
Start importing Assets/Resources/Prefab/ghost (1).prefab using Guid(b5322482ed4ad354f80389c9ef5483e4) Importer(815301076,1909f56bfc062723c751e8b465ee728b)  -> (artifact id: '6914ec73dcbc034892aa45e88a52f091') in 0.016104 seconds
  Import took 0.018343 seconds .

========================================================================
Received Import Request.
  Time since last request: 22.594941 seconds.
  path: Assets/Resources/Prefab/DefaultGeister(old).prefab
  artifactKey: Guid(65afbf21bb1c7d5419aa3f9d8719358c) Importer(815301076,1909f56bfc062723c751e8b465ee728b)
Start importing Assets/Resources/Prefab/DefaultGeister(old).prefab using Guid(65afbf21bb1c7d5419aa3f9d8719358c) Importer(815301076,1909f56bfc062723c751e8b465ee728b)  -> (artifact id: 'a35a14de372d0f34038474ba5ed5caa7') in 0.011698 seconds
  Import took 0.014104 seconds .

========================================================================
Received Import Request.
  Time since last request: 3.932081 seconds.
  path: Assets/Resources/Prefab/DefaultGeister.prefab
  artifactKey: Guid(b5322482ed4ad354f80389c9ef5483e4) Importer(815301076,1909f56bfc062723c751e8b465ee728b)
Start importing Assets/Resources/Prefab/DefaultGeister.prefab using Guid(b5322482ed4ad354f80389c9ef5483e4) Importer(815301076,1909f56bfc062723c751e8b465ee728b)  -> (artifact id: 'f588c0d577113c04c5b9a994c0f4e18c') in 0.007942 seconds
  Import took 0.010487 seconds .

========================================================================
Received Import Request.
  Time since last request: 28.979761 seconds.
  path: Assets/Resources/Prefab/DefaultGeister.prefab
  artifactKey: Guid(b5322482ed4ad354f80389c9ef5483e4) Importer(815301076,1909f56bfc062723c751e8b465ee728b)
Start importing Assets/Resources/Prefab/DefaultGeister.prefab using Guid(b5322482ed4ad354f80389c9ef5483e4) Importer(815301076,1909f56bfc062723c751e8b465ee728b)  -> (artifact id: '3cd9826c0a934f4f2a8e47b9c84d1624') in 0.007785 seconds
  Import took 0.009736 seconds .

========================================================================
Received Prepare
Registering precompiled user dll's ...
Registered in 0.001034 seconds.
Begin MonoManager ReloadAssembly
Native extension for WindowsStandalone target not found
Refreshing native plugins compatible for Editor in 0.18 ms, found 0 plugins.
Preloading 0 native plugins for Editor in 0.00 ms.
Invoked RoslynAnalysisRunner static constructor.
RoslynAnalysisRunner will not be running.
RoslynAnalysisRunner has terminated.
Mono: successfully reloaded assembly
- Completed reload, in  0.635 seconds
Platform modules already initialized, skipping
Refreshing native plugins compatible for Editor in 0.18 ms, found 0 plugins.
Preloading 0 native plugins for Editor in 0.00 ms.
Unloading 1106 Unused Serialized files (Serialized files now loaded: 0)
System memory in use before: 60.8 MB.
System memory in use after: 60.8 MB.

Unloading 6 unused Assets to reduce memory usage. Loaded Objects now: 1626.
Total: 1.389200 ms (FindLiveObjects: 0.119300 ms CreateObjectMapping: 0.030100 ms MarkObjects: 1.197600 ms  DeleteObjects: 0.041400 ms)

========================================================================
Received Import Request.
  Time since last request: 69.935519 seconds.
  path: Assets/Resources/Prefab/DefaultGeisterOld.prefab
  artifactKey: Guid(65afbf21bb1c7d5419aa3f9d8719358c) Importer(815301076,1909f56bfc062723c751e8b465ee728b)
Start importing Assets/Resources/Prefab/DefaultGeisterOld.prefab using Guid(65afbf21bb1c7d5419aa3f9d8719358c) Importer(815301076,1909f56bfc062723c751e8b465ee728b)  -> (artifact id: '8be322304a4bc3151518a17e32cdef91') in 0.052734 seconds
  Import took 0.054717 seconds .

========================================================================
Received Prepare
Registering precompiled user dll's ...
Registered in 0.000682 seconds.
Begin MonoManager ReloadAssembly
Native extension for WindowsStandalone target not found
Refreshing native plugins compatible for Editor in 0.18 ms, found 0 plugins.
Preloading 0 native plugins for Editor in 0.00 ms.
Invoked RoslynAnalysisRunner static constructor.
RoslynAnalysisRunner will not be running.
RoslynAnalysisRunner has terminated.
Mono: successfully reloaded assembly
- Completed reload, in  0.645 seconds
Platform modules already initialized, skipping
Refreshing native plugins compatible for Editor in 0.18 ms, found 0 plugins.
Preloading 0 native plugins for Editor in 0.00 ms.
Unloading 1106 Unused Serialized files (Serialized files now loaded: 0)
System memory in use before: 60.8 MB.
System memory in use after: 60.9 MB.

Unloading 6 unused Assets to reduce memory usage. Loaded Objects now: 1629.
Total: 1.253700 ms (FindLiveObjects: 0.113100 ms CreateObjectMapping: 0.030200 ms MarkObjects: 1.066500 ms  DeleteObjects: 0.043000 ms)

========================================================================
Received Prepare
Registering precompiled user dll's ...
Registered in 0.000625 seconds.
Begin MonoManager ReloadAssembly
Native extension for WindowsStandalone target not found
Refreshing native plugins compatible for Editor in 0.39 ms, found 0 plugins.
Preloading 0 native plugins for Editor in 0.00 ms.
Invoked RoslynAnalysisRunner static constructor.
RoslynAnalysisRunner will not be running.
RoslynAnalysisRunner has terminated.
Mono: successfully reloaded assembly
- Completed reload, in  0.664 seconds
Platform modules already initialized, skipping
Refreshing native plugins compatible for Editor in 0.18 ms, found 0 plugins.
Preloading 0 native plugins for Editor in 0.00 ms.
Unloading 1106 Unused Serialized files (Serialized files now loaded: 0)
System memory in use before: 60.8 MB.
System memory in use after: 60.9 MB.

Unloading 5 unused Assets to reduce memory usage. Loaded Objects now: 1631.
Total: 1.496500 ms (FindLiveObjects: 0.186800 ms CreateObjectMapping: 0.034000 ms MarkObjects: 1.199500 ms  DeleteObjects: 0.075500 ms)

========================================================================
Received Prepare
Registering precompiled user dll's ...
Registered in 0.000757 seconds.
Begin MonoManager ReloadAssembly
Native extension for WindowsStandalone target not found
Refreshing native plugins compatible for Editor in 0.18 ms, found 0 plugins.
Preloading 0 native plugins for Editor in 0.00 ms.
Invoked RoslynAnalysisRunner static constructor.
RoslynAnalysisRunner will not be running.
RoslynAnalysisRunner has terminated.
Mono: successfully reloaded assembly
- Completed reload, in  0.638 seconds
Platform modules already initialized, skipping
Refreshing native plugins compatible for Editor in 0.27 ms, found 0 plugins.
Preloading 0 native plugins for Editor in 0.00 ms.
Unloading 1106 Unused Serialized files (Serialized files now loaded: 0)
System memory in use before: 60.8 MB.
System memory in use after: 60.9 MB.

Unloading 5 unused Assets to reduce memory usage. Loaded Objects now: 1633.
Total: 1.285100 ms (FindLiveObjects: 0.134400 ms CreateObjectMapping: 0.031500 ms MarkObjects: 1.081500 ms  DeleteObjects: 0.036900 ms)

========================================================================
Received Import Request.
  Time since last request: 254.121502 seconds.
  path: Assets/Scripts/BoardManager.cs
  artifactKey: Guid(be12ee7a9d9d5e4428034ccc9233cd25) Importer(815301076,1909f56bfc062723c751e8b465ee728b)
Start importing Assets/Scripts/BoardManager.cs using Guid(be12ee7a9d9d5e4428034ccc9233cd25) Importer(815301076,1909f56bfc062723c751e8b465ee728b)  -> (artifact id: '39836e5720c6f9e684f8908a9395aab7') in 0.008153 seconds
  Import took 0.010270 seconds .

========================================================================
Received Import Request.
  Time since last request: 0.003117 seconds.
  path: Assets/Scripts/BoardManager.cs
  artifactKey: Guid(be12ee7a9d9d5e4428034ccc9233cd25) Importer(815301076,1909f56bfc062723c751e8b465ee728b)
Start importing Assets/Scripts/BoardManager.cs using Guid(be12ee7a9d9d5e4428034ccc9233cd25) Importer(815301076,1909f56bfc062723c751e8b465ee728b)  -> (artifact id: '39836e5720c6f9e684f8908a9395aab7') in 0.003544 seconds
  Import took 0.006166 seconds .

========================================================================
Received Import Request.
  Time since last request: 0.722997 seconds.
  path: Assets/Scripts/AIManager.cs
  artifactKey: Guid(3625164273acb7f4d9bc992e4cda1175) Importer(815301076,1909f56bfc062723c751e8b465ee728b)
Start importing Assets/Scripts/AIManager.cs using Guid(3625164273acb7f4d9bc992e4cda1175) Importer(815301076,1909f56bfc062723c751e8b465ee728b)  -> (artifact id: 'd78363e4f89bf170d6c7efbca0916286') in 0.006575 seconds
  Import took 0.008802 seconds .

========================================================================
Received Import Request.
  Time since last request: 0.001418 seconds.
  path: Assets/Scripts/AIManager.cs
  artifactKey: Guid(3625164273acb7f4d9bc992e4cda1175) Importer(815301076,1909f56bfc062723c751e8b465ee728b)
Start importing Assets/Scripts/AIManager.cs using Guid(3625164273acb7f4d9bc992e4cda1175) Importer(815301076,1909f56bfc062723c751e8b465ee728b)  -> (artifact id: 'd78363e4f89bf170d6c7efbca0916286') in 0.003356 seconds
  Import took 0.005087 seconds .

========================================================================
Received Import Request.
  Time since last request: 0.308928 seconds.
  path: Assets/Scripts/Coin.cs
  artifactKey: Guid(74576cecef2f8e342b1be9ed541f190b) Importer(815301076,1909f56bfc062723c751e8b465ee728b)
Start importing Assets/Scripts/Coin.cs using Guid(74576cecef2f8e342b1be9ed541f190b) Importer(815301076,1909f56bfc062723c751e8b465ee728b)  -> (artifact id: '8362f23ea780a9d7adf4e8f6567a27e7') in 0.007860 seconds
  Import took 0.009818 seconds .

========================================================================
Received Import Request.
  Time since last request: 31.099441 seconds.
  path: Assets/Resources/Prefab/DefaultGeister.prefab
  artifactKey: Guid(b5322482ed4ad354f80389c9ef5483e4) Importer(815301076,1909f56bfc062723c751e8b465ee728b)
Start importing Assets/Resources/Prefab/DefaultGeister.prefab using Guid(b5322482ed4ad354f80389c9ef5483e4) Importer(815301076,1909f56bfc062723c751e8b465ee728b)  -> (artifact id: 'd8a02bbbbf757286eb5a42dbb794582e') in 0.047234 seconds
  Import took 0.049493 seconds .

========================================================================
Received Import Request.
  Time since last request: 2.716326 seconds.
  path: Assets/Resources/Prefab/DefaultGeister.prefab
  artifactKey: Guid(b5322482ed4ad354f80389c9ef5483e4) Importer(815301076,1909f56bfc062723c751e8b465ee728b)
Start importing Assets/Resources/Prefab/DefaultGeister.prefab using Guid(b5322482ed4ad354f80389c9ef5483e4) Importer(815301076,1909f56bfc062723c751e8b465ee728b)  -> (artifact id: 'abfef3c4b405f5d5109a717f422b44ee') in 0.008483 seconds
  Import took 0.010991 seconds .

========================================================================
Received Import Request.
  Time since last request: 2.776511 seconds.
  path: Assets/Resources/Prefab/DefaultGeister.prefab
  artifactKey: Guid(b5322482ed4ad354f80389c9ef5483e4) Importer(815301076,1909f56bfc062723c751e8b465ee728b)
Start importing Assets/Resources/Prefab/DefaultGeister.prefab using Guid(b5322482ed4ad354f80389c9ef5483e4) Importer(815301076,1909f56bfc062723c751e8b465ee728b)  -> (artifact id: '7441fc743bd0f3205efd2b8172aac844') in 0.009784 seconds
  Import took 0.012088 seconds .

========================================================================
Received Prepare
Registering precompiled user dll's ...
Registered in 0.000796 seconds.
Begin MonoManager ReloadAssembly
Native extension for WindowsStandalone target not found
Refreshing native plugins compatible for Editor in 0.18 ms, found 0 plugins.
Preloading 0 native plugins for Editor in 0.00 ms.
Invoked RoslynAnalysisRunner static constructor.
RoslynAnalysisRunner will not be running.
RoslynAnalysisRunner has terminated.
Mono: successfully reloaded assembly
- Completed reload, in  0.645 seconds
Platform modules already initialized, skipping
Refreshing native plugins compatible for Editor in 0.18 ms, found 0 plugins.
Preloading 0 native plugins for Editor in 0.00 ms.
Unloading 1106 Unused Serialized files (Serialized files now loaded: 0)
System memory in use before: 60.8 MB.
System memory in use after: 60.9 MB.

Unloading 5 unused Assets to reduce memory usage. Loaded Objects now: 1636.
Total: 1.303600 ms (FindLiveObjects: 0.116900 ms CreateObjectMapping: 0.035300 ms MarkObjects: 1.107500 ms  DeleteObjects: 0.043400 ms)

========================================================================
Received Prepare
Registering precompiled user dll's ...
Registered in 0.000608 seconds.
Begin MonoManager ReloadAssembly
Native extension for WindowsStandalone target not found
Refreshing native plugins compatible for Editor in 0.18 ms, found 0 plugins.
Preloading 0 native plugins for Editor in 0.00 ms.
Invoked RoslynAnalysisRunner static constructor.
RoslynAnalysisRunner will not be running.
RoslynAnalysisRunner has terminated.
Mono: successfully reloaded assembly
- Completed reload, in  0.641 seconds
Platform modules already initialized, skipping
Refreshing native plugins compatible for Editor in 0.18 ms, found 0 plugins.
Preloading 0 native plugins for Editor in 0.00 ms.
Unloading 1106 Unused Serialized files (Serialized files now loaded: 0)
System memory in use before: 60.8 MB.
System memory in use after: 60.9 MB.

Unloading 5 unused Assets to reduce memory usage. Loaded Objects now: 1638.
Total: 1.368800 ms (FindLiveObjects: 0.149900 ms CreateObjectMapping: 0.030300 ms MarkObjects: 1.146100 ms  DeleteObjects: 0.041900 ms)

========================================================================
Received Prepare
Registering precompiled user dll's ...
Registered in 0.000605 seconds.
Begin MonoManager ReloadAssembly
Native extension for WindowsStandalone target not found
Refreshing native plugins compatible for Editor in 0.17 ms, found 0 plugins.
Preloading 0 native plugins for Editor in 0.00 ms.
Invoked RoslynAnalysisRunner static constructor.
RoslynAnalysisRunner will not be running.
RoslynAnalysisRunner has terminated.
Mono: successfully reloaded assembly
- Completed reload, in  0.655 seconds
Platform modules already initialized, skipping
Refreshing native plugins compatible for Editor in 0.17 ms, found 0 plugins.
Preloading 0 native plugins for Editor in 0.00 ms.
Unloading 1106 Unused Serialized files (Serialized files now loaded: 0)
System memory in use before: 60.8 MB.
System memory in use after: 60.9 MB.

Unloading 5 unused Assets to reduce memory usage. Loaded Objects now: 1640.
Total: 1.329200 ms (FindLiveObjects: 0.118600 ms CreateObjectMapping: 0.034000 ms MarkObjects: 1.097000 ms  DeleteObjects: 0.078900 ms)

========================================================================
Received Prepare
Registering precompiled user dll's ...
Registered in 0.000706 seconds.
Begin MonoManager ReloadAssembly
Native extension for WindowsStandalone target not found
Refreshing native plugins compatible for Editor in 0.24 ms, found 0 plugins.
Preloading 0 native plugins for Editor in 0.00 ms.
Invoked RoslynAnalysisRunner static constructor.
RoslynAnalysisRunner will not be running.
RoslynAnalysisRunner has terminated.
Mono: successfully reloaded assembly
- Completed reload, in  0.725 seconds
Platform modules already initialized, skipping
Refreshing native plugins compatible for Editor in 0.21 ms, found 0 plugins.
Preloading 0 native plugins for Editor in 0.00 ms.
Unloading 1106 Unused Serialized files (Serialized files now loaded: 0)
System memory in use before: 60.8 MB.
System memory in use after: 60.9 MB.

Unloading 5 unused Assets to reduce memory usage. Loaded Objects now: 1642.
Total: 1.603300 ms (FindLiveObjects: 0.211100 ms CreateObjectMapping: 0.074600 ms MarkObjects: 1.274300 ms  DeleteObjects: 0.042400 ms)

========================================================================
Received Import Request.
  Time since last request: 705.322961 seconds.
  path: Assets/Resources/Prefab/DefaultGeister.prefab
  artifactKey: Guid(b5322482ed4ad354f80389c9ef5483e4) Importer(815301076,1909f56bfc062723c751e8b465ee728b)
Start importing Assets/Resources/Prefab/DefaultGeister.prefab using Guid(b5322482ed4ad354f80389c9ef5483e4) Importer(815301076,1909f56bfc062723c751e8b465ee728b)  -> (artifact id: 'e86dd203f561e39e830fd1dac7a5dc5d') in 0.052019 seconds
  Import took 0.053977 seconds .

========================================================================
Received Import Request.
  Time since last request: 4.764278 seconds.
  path: Assets/Resources/Prefab/DefaultGeister.prefab
  artifactKey: Guid(b5322482ed4ad354f80389c9ef5483e4) Importer(815301076,1909f56bfc062723c751e8b465ee728b)
Start importing Assets/Resources/Prefab/DefaultGeister.prefab using Guid(b5322482ed4ad354f80389c9ef5483e4) Importer(815301076,1909f56bfc062723c751e8b465ee728b)  -> (artifact id: '3c75aac9ddcc0c8d2286e83c98c4524c') in 0.013376 seconds
  Import took 0.015311 seconds .

========================================================================
Received Import Request.
  Time since last request: 11.280077 seconds.
  path: Assets/Resources/Prefab/DefaultGeister.prefab
  artifactKey: Guid(b5322482ed4ad354f80389c9ef5483e4) Importer(815301076,1909f56bfc062723c751e8b465ee728b)
Start importing Assets/Resources/Prefab/DefaultGeister.prefab using Guid(b5322482ed4ad354f80389c9ef5483e4) Importer(815301076,1909f56bfc062723c751e8b465ee728b)  -> (artifact id: 'c1b8f72608e6f5aff0114ee4f51e2158') in 0.013321 seconds
  Import took 0.015797 seconds .

========================================================================
Received Prepare
Registering precompiled user dll's ...
Registered in 0.000778 seconds.
Begin MonoManager ReloadAssembly
Native extension for WindowsStandalone target not found
Refreshing native plugins compatible for Editor in 0.17 ms, found 0 plugins.
Preloading 0 native plugins for Editor in 0.00 ms.
Invoked RoslynAnalysisRunner static constructor.
RoslynAnalysisRunner will not be running.
RoslynAnalysisRunner has terminated.
Mono: successfully reloaded assembly
- Completed reload, in  0.618 seconds
Platform modules already initialized, skipping
Refreshing native plugins compatible for Editor in 0.18 ms, found 0 plugins.
Preloading 0 native plugins for Editor in 0.00 ms.
Unloading 1106 Unused Serialized files (Serialized files now loaded: 0)
System memory in use before: 60.9 MB.
System memory in use after: 60.9 MB.

Unloading 5 unused Assets to reduce memory usage. Loaded Objects now: 1645.
Total: 1.308900 ms (FindLiveObjects: 0.124400 ms CreateObjectMapping: 0.034100 ms MarkObjects: 1.108300 ms  DeleteObjects: 0.040600 ms)

========================================================================
Received Import Request.
  Time since last request: 33.278018 seconds.
  path: Assets/Resources/Prefab/DefaultGeister.prefab
  artifactKey: Guid(b5322482ed4ad354f80389c9ef5483e4) Importer(815301076,1909f56bfc062723c751e8b465ee728b)
Start importing Assets/Resources/Prefab/DefaultGeister.prefab using Guid(b5322482ed4ad354f80389c9ef5483e4) Importer(815301076,1909f56bfc062723c751e8b465ee728b)  -> (artifact id: '34ccf1bec2fa2ee73b49aac61a9d579a') in 0.050603 seconds
  Import took 0.055053 seconds .

========================================================================
Received Prepare
Registering precompiled user dll's ...
Registered in 0.000619 seconds.
Begin MonoManager ReloadAssembly
Native extension for WindowsStandalone target not found
Refreshing native plugins compatible for Editor in 0.20 ms, found 0 plugins.
Preloading 0 native plugins for Editor in 0.00 ms.
Invoked RoslynAnalysisRunner static constructor.
RoslynAnalysisRunner will not be running.
RoslynAnalysisRunner has terminated.
Mono: successfully reloaded assembly
- Completed reload, in  0.752 seconds
Platform modules already initialized, skipping
Refreshing native plugins compatible for Editor in 0.20 ms, found 0 plugins.
Preloading 0 native plugins for Editor in 0.00 ms.
Unloading 1106 Unused Serialized files (Serialized files now loaded: 0)
System memory in use before: 60.9 MB.
System memory in use after: 61.0 MB.

Unloading 5 unused Assets to reduce memory usage. Loaded Objects now: 1648.
Total: 1.530100 ms (FindLiveObjects: 0.149400 ms CreateObjectMapping: 0.038500 ms MarkObjects: 1.279400 ms  DeleteObjects: 0.061300 ms)

========================================================================
Received Import Request.
  Time since last request: 7.526796 seconds.
  path: Assets/Resources/Prefab/DefaultGeister.prefab
  artifactKey: Guid(b5322482ed4ad354f80389c9ef5483e4) Importer(815301076,1909f56bfc062723c751e8b465ee728b)
Start importing Assets/Resources/Prefab/DefaultGeister.prefab using Guid(b5322482ed4ad354f80389c9ef5483e4) Importer(815301076,1909f56bfc062723c751e8b465ee728b)  -> (artifact id: '707b18a6bbf7d9a1fc4bf5e4164ac591') in 0.054949 seconds
  Import took 0.057322 seconds .

========================================================================
Received Import Request.
  Time since last request: 1925.957402 seconds.
  path: Assets/Resources/Sprite
  artifactKey: Guid(39393dca99b4e314d96473534ba8d696) Importer(815301076,1909f56bfc062723c751e8b465ee728b)
Start importing Assets/Resources/Sprite using Guid(39393dca99b4e314d96473534ba8d696) Importer(815301076,1909f56bfc062723c751e8b465ee728b)  -> (artifact id: '84d01f2d4c2029053c155e1df0b4b7d1') in 0.008648 seconds
  Import took 0.012477 seconds .

========================================================================
Received Import Request.
  Time since last request: 30.580201 seconds.
  path: Assets/Resources/Sprite/Floor.png
  artifactKey: Guid(d69906bc9621bef46a9557cb583f5e65) Importer(815301076,1909f56bfc062723c751e8b465ee728b)
Start importing Assets/Resources/Sprite/Floor.png using Guid(d69906bc9621bef46a9557cb583f5e65) Importer(815301076,1909f56bfc062723c751e8b465ee728b)  -> (artifact id: '0ceabc8a7bba9d1deb698340297b9462') in 0.055740 seconds
  Import took 0.057937 seconds .

========================================================================
Received Import Request.
  Time since last request: 0.000180 seconds.
  path: Assets/Scenes/SampleScene/ReflectionProbe-0.exr
  artifactKey: Guid(cbec9bdecc6760348bd03beb3672d90f) Importer(815301076,1909f56bfc062723c751e8b465ee728b)
Start importing Assets/Scenes/SampleScene/ReflectionProbe-0.exr using Guid(cbec9bdecc6760348bd03beb3672d90f) Importer(815301076,1909f56bfc062723c751e8b465ee728b)  -> (artifact id: 'ddf9eb9bc8a0e4f15e4244c426007c65') in 0.034195 seconds
  Import took 0.036472 seconds .

========================================================================
Received Prepare
Registering precompiled user dll's ...
Registered in 0.000669 seconds.
Begin MonoManager ReloadAssembly
Native extension for WindowsStandalone target not found
Refreshing native plugins compatible for Editor in 0.19 ms, found 0 plugins.
Preloading 0 native plugins for Editor in 0.00 ms.
Invoked RoslynAnalysisRunner static constructor.
RoslynAnalysisRunner will not be running.
RoslynAnalysisRunner has terminated.
Mono: successfully reloaded assembly
- Completed reload, in  0.728 seconds
Platform modules already initialized, skipping
Refreshing native plugins compatible for Editor in 0.20 ms, found 0 plugins.
Preloading 0 native plugins for Editor in 0.00 ms.
Unloading 1106 Unused Serialized files (Serialized files now loaded: 0)
System memory in use before: 61.0 MB.
System memory in use after: 61.1 MB.

Unloading 5 unused Assets to reduce memory usage. Loaded Objects now: 1654.
Total: 1.378000 ms (FindLiveObjects: 0.117900 ms CreateObjectMapping: 0.030800 ms MarkObjects: 1.187300 ms  DeleteObjects: 0.041400 ms)

========================================================================
Received Prepare
Registering precompiled user dll's ...
Registered in 0.000495 seconds.
Begin MonoManager ReloadAssembly
Native extension for WindowsStandalone target not found
Refreshing native plugins compatible for Editor in 0.18 ms, found 0 plugins.
Preloading 0 native plugins for Editor in 0.00 ms.
Invoked RoslynAnalysisRunner static constructor.
RoslynAnalysisRunner will not be running.
RoslynAnalysisRunner has terminated.
Mono: successfully reloaded assembly
- Completed reload, in  0.635 seconds
Platform modules already initialized, skipping
Refreshing native plugins compatible for Editor in 0.20 ms, found 0 plugins.
Preloading 0 native plugins for Editor in 0.00 ms.
Unloading 1106 Unused Serialized files (Serialized files now loaded: 0)
System memory in use before: 61.0 MB.
System memory in use after: 61.1 MB.

Unloading 5 unused Assets to reduce memory usage. Loaded Objects now: 1656.
Total: 1.623500 ms (FindLiveObjects: 0.224700 ms CreateObjectMapping: 0.050200 ms MarkObjects: 1.270000 ms  DeleteObjects: 0.077900 ms)

AssetImportWorkerClient::OnTransportError - code=2 error=End of file
